[debug] [2021-10-24T11:30:39.309Z] ----------------------------------------------------------------------
[debug] [2021-10-24T11:30:39.312Z] Command:       C:\Program Files (x86)\nodejs\node.exe C:\Users\hyper\AppData\Roaming\npm\node_modules\firebase-tools\lib\bin\firebase.js deploy
[debug] [2021-10-24T11:30:39.312Z] CLI Version:   9.18.0
[debug] [2021-10-24T11:30:39.312Z] Platform:      win32
[debug] [2021-10-24T11:30:39.312Z] Node Version:  v14.17.0
[debug] [2021-10-24T11:30:39.313Z] Time:          Sun Oct 24 2021 14:30:39 GMT+0300 (Eastern European Summer Time)
[debug] [2021-10-24T11:30:39.313Z] ----------------------------------------------------------------------
[debug] 
[debug] [2021-10-24T11:30:39.408Z] > command requires scopes: ["email","openid","https://www.googleapis.com/auth/cloudplatformprojects.readonly","https://www.googleapis.com/auth/firebase","https://www.googleapis.com/auth/cloud-platform"]
[debug] [2021-10-24T11:30:39.409Z] > authorizing via signed-in user (aleksivaisanenkoulu@gmail.com)
[debug] [2021-10-24T11:30:39.409Z] [iam] checking project lor-preview for permissions ["cloudfunctions.functions.create","cloudfunctions.functions.delete","cloudfunctions.functions.get","cloudfunctions.functions.list","cloudfunctions.functions.update","cloudfunctions.operations.get","firebase.projects.get","firebasehosting.sites.update","firebaserules.releases.create","firebaserules.releases.update","firebaserules.rulesets.create"]
[debug] [2021-10-24T11:30:39.411Z] >>> HTTP REQUEST POST https://cloudresourcemanager.googleapis.com/v1/projects/lor-preview:testIamPermissions  
 {"permissions":["cloudfunctions.functions.create","cloudfunctions.functions.delete","cloudfunctions.functions.get","cloudfunctions.functions.list","cloudfunctions.functions.update","cloudfunctions.operations.get","firebase.projects.get","firebasehosting.sites.update","firebaserules.releases.create","firebaserules.releases.update","firebaserules.rulesets.create"]}
[debug] [2021-10-24T11:30:40.181Z] <<< HTTP RESPONSE 200 {"content-type":"application/json; charset=UTF-8","vary":"X-Origin, Referer, Origin,Accept-Encoding","date":"Sun, 24 Oct 2021 11:30:40 GMT","server":"ESF","cache-control":"private","x-xss-protection":"0","x-frame-options":"SAMEORIGIN","x-content-type-options":"nosniff","server-timing":"gfet4t7; dur=722","alt-svc":"h3=\":443\"; ma=2592000,h3-29=\":443\"; ma=2592000,h3-Q050=\":443\"; ma=2592000,h3-Q046=\":443\"; ma=2592000,h3-Q043=\":443\"; ma=2592000","accept-ranges":"none","transfer-encoding":"chunked"}
[debug] [2021-10-24T11:30:40.182Z] >>> HTTP REQUEST POST https://iam.googleapis.com/v1/projects/lor-preview/serviceAccounts/lor-preview@appspot.gserviceaccount.com:testIamPermissions  
 {"permissions":["iam.serviceAccounts.actAs"]}
[debug] [2021-10-24T11:30:40.874Z] <<< HTTP RESPONSE 200 {"content-type":"application/json; charset=UTF-8","vary":"X-Origin, Referer, Origin,Accept-Encoding","date":"Sun, 24 Oct 2021 11:30:41 GMT","server":"ESF","cache-control":"private","x-xss-protection":"0","x-frame-options":"SAMEORIGIN","x-content-type-options":"nosniff","alt-svc":"h3=\":443\"; ma=2592000,h3-29=\":443\"; ma=2592000,h3-Q050=\":443\"; ma=2592000,h3-Q046=\":443\"; ma=2592000,h3-Q043=\":443\"; ma=2592000","accept-ranges":"none","transfer-encoding":"chunked"}
[debug] [2021-10-24T11:30:40.875Z] > refreshing access token with scopes: []
[debug] [2021-10-24T11:30:40.876Z] >>> HTTP REQUEST POST https://www.googleapis.com/oauth2/v3/token  
 <request body omitted>
[debug] [2021-10-24T11:30:40.909Z] <<< HTTP RESPONSE 200 {"date":"Sun, 24 Oct 2021 11:30:41 GMT","expires":"Mon, 01 Jan 1990 00:00:00 GMT","cache-control":"no-cache, no-store, max-age=0, must-revalidate","pragma":"no-cache","content-type":"application/json; charset=utf-8","vary":"X-Origin, Referer, Origin,Accept-Encoding","server":"scaffolding on HTTPServer2","x-xss-protection":"0","x-frame-options":"SAMEORIGIN","x-content-type-options":"nosniff","alt-svc":"h3=\":443\"; ma=2592000,h3-29=\":443\"; ma=2592000,h3-Q050=\":443\"; ma=2592000,h3-Q046=\":443\"; ma=2592000,h3-Q043=\":443\"; ma=2592000","accept-ranges":"none","transfer-encoding":"chunked"}
[debug] [2021-10-24T11:30:41.011Z] >>> [apiv2][query] GET https://firebase.googleapis.com/v1beta1/projects/lor-preview [none]
[debug] [2021-10-24T11:30:41.222Z] <<< [apiv2][status] GET https://firebase.googleapis.com/v1beta1/projects/lor-preview 200
[debug] [2021-10-24T11:30:41.222Z] <<< [apiv2][body] GET https://firebase.googleapis.com/v1beta1/projects/lor-preview {"projectId":"lor-preview","projectNumber":"22965560262","displayName":"lor-preview","name":"projects/lor-preview","resources":{"hostingSite":"lor-preview","storageBucket":"lor-preview.appspot.com","locationId":"europe-west"},"state":"ACTIVE"}
[info] 
[info] === Deploying to 'lor-preview'...
[info] 
[info] i  deploying storage, functions, hosting 
[info] Running command: npm --prefix "$RESOURCE_DIR" run build
[info] +  functions: Finished running predeploy script. 
[debug] [2021-10-24T11:30:47.211Z] > refreshing access token with scopes: ["email","https://www.googleapis.com/auth/cloud-platform","https://www.googleapis.com/auth/cloudplatformprojects.readonly","https://www.googleapis.com/auth/firebase","openid"]
[debug] [2021-10-24T11:30:47.211Z] >>> HTTP REQUEST POST https://www.googleapis.com/oauth2/v3/token  
 <request body omitted>
[debug] [2021-10-24T11:30:47.241Z] <<< HTTP RESPONSE 200 {"cache-control":"no-cache, no-store, max-age=0, must-revalidate","date":"Sun, 24 Oct 2021 11:30:47 GMT","expires":"Mon, 01 Jan 1990 00:00:00 GMT","pragma":"no-cache","content-type":"application/json; charset=utf-8","vary":"X-Origin, Referer, Origin,Accept-Encoding","server":"scaffolding on HTTPServer2","x-xss-protection":"0","x-frame-options":"SAMEORIGIN","x-content-type-options":"nosniff","alt-svc":"h3=\":443\"; ma=2592000,h3-29=\":443\"; ma=2592000,h3-Q050=\":443\"; ma=2592000,h3-Q046=\":443\"; ma=2592000,h3-Q043=\":443\"; ma=2592000","accept-ranges":"none","transfer-encoding":"chunked"}
[debug] [2021-10-24T11:30:47.292Z] >>> HTTP REQUEST GET https://appengine.googleapis.com/v1/apps/lor-preview  
 
[debug] [2021-10-24T11:30:47.572Z] <<< HTTP RESPONSE 200 {"content-type":"application/json; charset=UTF-8","vary":"X-Origin, Referer, Origin,Accept-Encoding","date":"Sun, 24 Oct 2021 11:30:48 GMT","server":"ESF","cache-control":"private","x-xss-protection":"0","x-frame-options":"SAMEORIGIN","x-content-type-options":"nosniff","alt-svc":"h3=\":443\"; ma=2592000,h3-29=\":443\"; ma=2592000,h3-Q050=\":443\"; ma=2592000,h3-Q046=\":443\"; ma=2592000,h3-Q043=\":443\"; ma=2592000","accept-ranges":"none","transfer-encoding":"chunked"}
[info] i  firebase.storage: checking storage.rules for compilation errors... 
[debug] [2021-10-24T11:30:47.574Z] >>> HTTP REQUEST POST https://firebaserules.googleapis.com/v1/projects/lor-preview:test  
 {"source":{"files":[{"name":"storage.rules","content":"rules_version = '2';\nservice firebase.storage {\n  match /b/{bucket}/o {\n    match /{allPaths=**} {\n      allow write: if false;\n      allow read;\n    }\n  }\n}\n"}]}}
[debug] [2021-10-24T11:30:48.346Z] <<< HTTP RESPONSE 200 {"content-type":"application/json; charset=UTF-8","vary":"X-Origin, Referer, Origin,Accept-Encoding","date":"Sun, 24 Oct 2021 11:30:48 GMT","server":"ESF","cache-control":"private","x-xss-protection":"0","x-frame-options":"SAMEORIGIN","x-content-type-options":"nosniff","alt-svc":"h3=\":443\"; ma=2592000,h3-29=\":443\"; ma=2592000,h3-Q050=\":443\"; ma=2592000,h3-Q046=\":443\"; ma=2592000,h3-Q043=\":443\"; ma=2592000","accept-ranges":"none","transfer-encoding":"chunked"}
[info] +  firebase.storage: rules file storage.rules compiled successfully 
[debug] [2021-10-24T11:30:48.349Z] Validating nodejs source
[debug] [2021-10-24T11:30:51.542Z] > [functions] package.json contents: {
  "name": "functions",
  "scripts": {
    "lint": "",
    "build": "tsc",
    "serve": "npm run build && firebase emulators:start --only functions",
    "shell": "npm run build && firebase functions:shell",
    "start": "npm run shell",
    "deploy": "firebase deploy --only functions",
    "logs": "firebase functions:log"
  },
  "engines": {
    "node": "14"
  },
  "main": "lib/index.js",
  "dependencies": {
    "express": "^4.17.1",
    "firebase": "^9.1.0",
    "firebase-admin": "^9.8.0",
    "firebase-functions": "^3.14.1",
    "lor-deckcodes-ts": "^1.0.4",
    "puppeteer": "^7.1.0"
  },
  "devDependencies": {
    "@typescript-eslint/eslint-plugin": "^3.9.1",
    "@typescript-eslint/parser": "^3.8.0",
    "eslint": "^7.6.0",
    "eslint-config-google": "^0.14.0",
    "eslint-plugin-import": "^2.22.0",
    "firebase-functions-test": "^0.2.0",
    "typescript": "^3.8.0"
  },
  "private": true
}
[debug] [2021-10-24T11:30:51.542Z] Building nodejs source
[info] i  functions: ensuring required API cloudfunctions.googleapis.com is enabled... 
[info] i  functions: ensuring required API cloudbuild.googleapis.com is enabled... 
[debug] [2021-10-24T11:30:51.544Z] >>> HTTP REQUEST GET https://serviceusage.googleapis.com/v1/projects/lor-preview/services/cloudfunctions.googleapis.com  
 
[debug] [2021-10-24T11:30:51.544Z] >>> HTTP REQUEST GET https://serviceusage.googleapis.com/v1/projects/lor-preview/services/runtimeconfig.googleapis.com  
 
[debug] [2021-10-24T11:30:51.544Z] >>> HTTP REQUEST GET https://serviceusage.googleapis.com/v1/projects/lor-preview/services/cloudbuild.googleapis.com  
 
[debug] [2021-10-24T11:30:52.476Z] <<< HTTP RESPONSE 200 {"content-type":"application/json; charset=UTF-8","vary":"X-Origin, Referer, Origin,Accept-Encoding","date":"Sun, 24 Oct 2021 11:30:53 GMT","server":"ESF","cache-control":"private","x-xss-protection":"0","x-frame-options":"SAMEORIGIN","x-content-type-options":"nosniff","alt-svc":"h3=\":443\"; ma=2592000,h3-29=\":443\"; ma=2592000,h3-Q050=\":443\"; ma=2592000,h3-Q046=\":443\"; ma=2592000,h3-Q043=\":443\"; ma=2592000","accept-ranges":"none","transfer-encoding":"chunked"}
[debug] [2021-10-24T11:30:52.481Z] <<< HTTP RESPONSE 200 {"content-type":"application/json; charset=UTF-8","vary":"X-Origin, Referer, Origin,Accept-Encoding","date":"Sun, 24 Oct 2021 11:30:53 GMT","server":"ESF","cache-control":"private","x-xss-protection":"0","x-frame-options":"SAMEORIGIN","x-content-type-options":"nosniff","alt-svc":"h3=\":443\"; ma=2592000,h3-29=\":443\"; ma=2592000,h3-Q050=\":443\"; ma=2592000,h3-Q046=\":443\"; ma=2592000,h3-Q043=\":443\"; ma=2592000","accept-ranges":"none","transfer-encoding":"chunked"}
[info] +  functions: required API cloudfunctions.googleapis.com is enabled 
[debug] [2021-10-24T11:30:52.509Z] <<< HTTP RESPONSE 200 {"content-type":"application/json; charset=UTF-8","vary":"X-Origin, Referer, Origin,Accept-Encoding","date":"Sun, 24 Oct 2021 11:30:53 GMT","server":"ESF","cache-control":"private","x-xss-protection":"0","x-frame-options":"SAMEORIGIN","x-content-type-options":"nosniff","alt-svc":"h3=\":443\"; ma=2592000,h3-29=\":443\"; ma=2592000,h3-Q050=\":443\"; ma=2592000,h3-Q046=\":443\"; ma=2592000,h3-Q043=\":443\"; ma=2592000","accept-ranges":"none","transfer-encoding":"chunked"}
[info] +  functions: required API cloudbuild.googleapis.com is enabled 
[debug] [2021-10-24T11:30:52.510Z] >>> HTTP REQUEST GET https://firebase.googleapis.com/v1beta1/projects/lor-preview/adminSdkConfig  
 
[debug] [2021-10-24T11:30:52.745Z] <<< HTTP RESPONSE 200 {"content-type":"application/json; charset=UTF-8","vary":"X-Origin, Referer, Origin,Accept-Encoding","date":"Sun, 24 Oct 2021 11:30:53 GMT","server":"ESF","cache-control":"private","x-xss-protection":"0","x-frame-options":"SAMEORIGIN","x-content-type-options":"nosniff","alt-svc":"h3=\":443\"; ma=2592000,h3-29=\":443\"; ma=2592000,h3-Q050=\":443\"; ma=2592000,h3-Q046=\":443\"; ma=2592000,h3-Q043=\":443\"; ma=2592000","accept-ranges":"none","transfer-encoding":"chunked"}
[debug] [2021-10-24T11:30:52.746Z] >>> HTTP REQUEST GET https://runtimeconfig.googleapis.com/v1beta1/projects/lor-preview/configs  
 
[debug] [2021-10-24T11:30:53.660Z] <<< HTTP RESPONSE 200 {"content-type":"application/json; charset=UTF-8","vary":"X-Origin, Referer, Origin,Accept-Encoding","date":"Sun, 24 Oct 2021 11:30:54 GMT","server":"ESF","cache-control":"private","x-xss-protection":"0","x-frame-options":"SAMEORIGIN","x-content-type-options":"nosniff","alt-svc":"h3=\":443\"; ma=2592000,h3-29=\":443\"; ma=2592000,h3-Q050=\":443\"; ma=2592000,h3-Q046=\":443\"; ma=2592000,h3-Q043=\":443\"; ma=2592000","accept-ranges":"none","transfer-encoding":"chunked"}
[debug] [2021-10-24T11:30:53.662Z] Analyzing nodejs backend spec
[info] i  functions: preparing functions directory for uploading... 
[info] i  functions: packaged functions (63.5 KB) for uploading 
[debug] [2021-10-24T11:30:54.082Z] >>> HTTP REQUEST GET https://cloudfunctions.googleapis.com/v1/projects/lor-preview/locations/-/functions  
 
[debug] [2021-10-24T11:30:54.747Z] <<< HTTP RESPONSE 200 {"content-type":"application/json; charset=UTF-8","vary":"X-Origin, Referer, Origin,Accept-Encoding","date":"Sun, 24 Oct 2021 11:30:55 GMT","server":"ESF","cache-control":"private","x-xss-protection":"0","x-frame-options":"SAMEORIGIN","x-content-type-options":"nosniff","alt-svc":"h3=\":443\"; ma=2592000,h3-29=\":443\"; ma=2592000,h3-Q050=\":443\"; ma=2592000,h3-Q046=\":443\"; ma=2592000,h3-Q043=\":443\"; ma=2592000","accept-ranges":"none","transfer-encoding":"chunked"}
[debug] [2021-10-24T11:30:54.749Z] >>> HTTP REQUEST POST https://firebasehosting.googleapis.com/v1beta1/sites/lor-preview/versions  
 {"config":{"rewrites":[{"glob":"/deck","function":"deckSSR"}]},"labels":{"deployment-tool":"cli-firebase"}}
[debug] [2021-10-24T11:30:56.043Z] <<< HTTP RESPONSE 200 {"content-type":"application/json; charset=UTF-8","vary":"X-Origin, Referer, Origin,Accept-Encoding","date":"Sun, 24 Oct 2021 11:30:56 GMT","server":"ESF","cache-control":"private","x-xss-protection":"0","x-frame-options":"SAMEORIGIN","x-content-type-options":"nosniff","alt-svc":"h3=\":443\"; ma=2592000,h3-29=\":443\"; ma=2592000,h3-Q050=\":443\"; ma=2592000,h3-Q046=\":443\"; ma=2592000,h3-Q043=\":443\"; ma=2592000","accept-ranges":"none","transfer-encoding":"chunked"}
[debug] [2021-10-24T11:30:56.044Z] >>> HTTP REQUEST GET https://firebaserules.googleapis.com/v1/projects/lor-preview/releases?pageSize=10&pageToken=  
 
[debug] [2021-10-24T11:30:56.805Z] <<< HTTP RESPONSE 200 {"content-type":"application/json; charset=UTF-8","vary":"X-Origin, Referer, Origin,Accept-Encoding","date":"Sun, 24 Oct 2021 11:30:57 GMT","server":"ESF","cache-control":"private","x-xss-protection":"0","x-frame-options":"SAMEORIGIN","x-content-type-options":"nosniff","alt-svc":"h3=\":443\"; ma=2592000,h3-29=\":443\"; ma=2592000,h3-Q050=\":443\"; ma=2592000,h3-Q046=\":443\"; ma=2592000,h3-Q043=\":443\"; ma=2592000","accept-ranges":"none","transfer-encoding":"chunked"}
[debug] [2021-10-24T11:30:56.806Z] >>> HTTP REQUEST GET https://firebaserules.googleapis.com/v1/projects/lor-preview/rulesets/e1961ee2-22db-4532-b2d3-de2d85ae0935  
 
[debug] [2021-10-24T11:30:57.564Z] <<< HTTP RESPONSE 200 {"content-type":"application/json; charset=UTF-8","vary":"X-Origin, Referer, Origin,Accept-Encoding","date":"Sun, 24 Oct 2021 11:30:58 GMT","server":"ESF","cache-control":"private","x-xss-protection":"0","x-frame-options":"SAMEORIGIN","x-content-type-options":"nosniff","alt-svc":"h3=\":443\"; ma=2592000,h3-29=\":443\"; ma=2592000,h3-Q050=\":443\"; ma=2592000,h3-Q046=\":443\"; ma=2592000,h3-Q043=\":443\"; ma=2592000","accept-ranges":"none","transfer-encoding":"chunked"}
[info] i  storage: latest version of storage.rules already up to date, skipping upload... 
[debug] [2021-10-24T11:30:57.566Z] >>> HTTP REQUEST POST https://cloudfunctions.googleapis.com/v1/projects/lor-preview/locations/us-central1/functions:generateUploadUrl  
 
[debug] [2021-10-24T11:30:58.371Z] <<< HTTP RESPONSE 200 {"content-type":"application/json; charset=UTF-8","vary":"X-Origin, Referer, Origin,Accept-Encoding","date":"Sun, 24 Oct 2021 11:30:59 GMT","server":"ESF","cache-control":"private","x-xss-protection":"0","x-frame-options":"SAMEORIGIN","x-content-type-options":"nosniff","alt-svc":"h3=\":443\"; ma=2592000,h3-29=\":443\"; ma=2592000,h3-Q050=\":443\"; ma=2592000,h3-Q046=\":443\"; ma=2592000,h3-Q043=\":443\"; ma=2592000","accept-ranges":"none","transfer-encoding":"chunked"}
[debug] [2021-10-24T11:30:58.372Z] >>> HTTP REQUEST PUT https://storage.googleapis.com/gcf-upload-us-central1-8e5448c8-0ce9-4410-b599-4a9b9f9c1d27/373be783-c4be-4127-a4d9-3967c9fe63fc.zip?GoogleAccessId=service-22965560262@gcf-admin-robot.iam.gserviceaccount.com&Expires=1635076858&Signature=oeG8BbkbUmwn4efv41oGmgQ0UdiBbR7hsyd%2FkKA%2BJbGs5nIqbG82UXpKWx%2F9uNxfREceUm7vAz0D4yIfSjx8jXjtumXnsDaI8eGunHgWsQUVEuHGS87ZZ5cVwRFdByB4WDtQH8p9RtRnjQAUgId45tWBGwGhlnPuFc5F5vB9eixiVxHzFGA4jqxnviasE4nhgLTta6uaZcgg5u7aS6XI9IRItLP53nxyTpSX9lpt13NCz4%2FMIJaZhiJ6piGn0%2BQoROPPGABaWDpAE4YoLI8WJu4GKcrsnZO6%2Bpume6rAMsiI1L87zsBSuN4c5OaQ6HBuEc6yOtlyQXlLYhSsEfwKRw%3D%3D  
 <request body omitted>
[debug] [2021-10-24T11:30:58.643Z] <<< HTTP RESPONSE 200 {"x-guploader-uploadid":"ADPycdurA_-2Nog26O_hcafwPgexgsLPij4xZeBlbbew-e-9E7NU6V8mtqhopume5376-eAQCiwGstBXIKUCdKl3UeE","etag":"\"17876a128de0f8e13375e65910f13431\"","x-goog-generation":"1635075059260547","x-goog-metageneration":"1","x-goog-hash":"crc32c=Gs9Tkg==, md5=F4dqEo3g+OEzdeZZEPE0MQ==","x-goog-stored-content-length":"65019","x-goog-stored-content-encoding":"identity","vary":"Origin","content-length":"0","date":"Sun, 24 Oct 2021 11:30:59 GMT","server":"UploadServer","content-type":"text/html; charset=UTF-8","alt-svc":"h3=\":443\"; ma=2592000,h3-29=\":443\"; ma=2592000,h3-Q050=\":443\"; ma=2592000,h3-Q046=\":443\"; ma=2592000,h3-Q043=\":443\"; ma=2592000,quic=\":443\"; ma=2592000; v=\"46,43\""}
[info] +  functions: functions folder uploaded successfully 
[info] i  hosting[lor-preview]: beginning deploy... 
[info] i  hosting[lor-preview]: found 12 files in dist 
[debug] [2021-10-24T11:30:58.657Z] > refreshing access token with scopes: []
[debug] [2021-10-24T11:30:58.657Z] >>> HTTP REQUEST POST https://www.googleapis.com/oauth2/v3/token  
 <request body omitted>
[debug] [2021-10-24T11:30:58.659Z] [hosting] hash cache [ZGlzdA] stored for 12 files
[debug] [2021-10-24T11:30:58.659Z] [hosting][hash queue][FINAL] {"max":2,"min":0,"avg":0,"active":0,"complete":12,"success":12,"errored":0,"retried":0,"total":12,"elapsed":4}
[debug] [2021-10-24T11:30:58.689Z] <<< HTTP RESPONSE 200 {"expires":"Mon, 01 Jan 1990 00:00:00 GMT","date":"Sun, 24 Oct 2021 11:30:59 GMT","pragma":"no-cache","cache-control":"no-cache, no-store, max-age=0, must-revalidate","content-type":"application/json; charset=utf-8","vary":"X-Origin, Referer, Origin,Accept-Encoding","server":"scaffolding on HTTPServer2","x-xss-protection":"0","x-frame-options":"SAMEORIGIN","x-content-type-options":"nosniff","alt-svc":"h3=\":443\"; ma=2592000,h3-29=\":443\"; ma=2592000,h3-Q050=\":443\"; ma=2592000,h3-Q046=\":443\"; ma=2592000,h3-Q043=\":443\"; ma=2592000","accept-ranges":"none","transfer-encoding":"chunked"}
[debug] [2021-10-24T11:30:58.730Z] >>> [apiv2][query] POST https://firebasehosting.googleapis.com/v1beta1/sites/lor-preview/versions/3c0ae6c3e270afa8:populateFiles [none]
[debug] [2021-10-24T11:30:58.731Z] >>> [apiv2][body] POST https://firebasehosting.googleapis.com/v1beta1/sites/lor-preview/versions/3c0ae6c3e270afa8:populateFiles {"files":{"/favicon.ico":"d5451f0f0f0bcbcd433bbdf4f6e7e5d89d8ecce2650649e969ccb5e5cd499ab2","/index.html":"52e6e35b53e07272430e985c692517e51b1fc2e4dabb5647746cff3885a84ef9","/css/app.6c015219.css":"11bdb069d2172c6bcb17e6ff948fa38be9da3a1db2b432edf60f767511e2d166","/css/chunk-89a0953a.ab98f06d.css":"a4906df3ef011cbf11d38a03a4537c89fac75aead63c9f88523c7fe40e6cd27f","/js/about.24df6719.js":"699de2c333b3a3ae3078d757d41acda50520cdf1d65754dcd482aef8a1fd4e74","/js/about.24df6719.js.map":"78a2f01205844601fdd30ea294194bd6dbcbd4a9f2fa5230817190a4c6e88261","/js/app.f2a3f0e0.js":"a3e5b9b51064e88cb51ef37c1e572c3573ebb0cc8caa89e45a2b041a08b22490","/js/app.f2a3f0e0.js.map":"22f505e80f27bd92a35a3d354bf8b44611e3da52a802eb6c1fe1e27f9da4f677","/js/chunk-89a0953a.96c6c5d1.js":"87ed0799d87e71b7a92862e57967397ae9b873207e8885859d5a9fbb62aaaec0","/js/chunk-89a0953a.96c6c5d1.js.map":"6cf0a01d740ae49eec7e901349ed894610a433f597d1ef4993b9b6e0f448c719","/js/chunk-vendors.ef1ad21b.js":"f7b0623bb313141e5d52bb216c9d17ee955c02aea3b73bad25c6b7f5f3e50680","/js/chunk-vendors.ef1ad21b.js.map":"f86629133c1e7e9f81431259020c20cb6be1f7a3d5d56c9321630643e7fdcb56"}}
[debug] [2021-10-24T11:30:59.788Z] <<< [apiv2][status] POST https://firebasehosting.googleapis.com/v1beta1/sites/lor-preview/versions/3c0ae6c3e270afa8:populateFiles 200
[debug] [2021-10-24T11:30:59.789Z] <<< [apiv2][body] POST https://firebasehosting.googleapis.com/v1beta1/sites/lor-preview/versions/3c0ae6c3e270afa8:populateFiles {"uploadUrl":"https://upload-firebasehosting.googleapis.com/upload/sites/lor-preview/versions/3c0ae6c3e270afa8/files"}
[debug] [2021-10-24T11:30:59.789Z] [hosting][populate queue][FINAL] {"max":1132,"min":1132,"avg":1132,"active":0,"complete":1,"success":1,"errored":0,"retried":0,"total":1,"elapsed":1132}
[debug] [2021-10-24T11:30:59.789Z] [hosting] uploads queued: 0
[debug] [2021-10-24T11:30:59.789Z] [hosting][upload queue][FINAL] {"max":0,"min":9999999999,"avg":0,"active":0,"complete":0,"success":0,"errored":0,"retried":0,"total":0,"elapsed":1635075059789}
[info] +  hosting[lor-preview]: file upload complete 
[debug] [2021-10-24T11:30:59.790Z] [hosting] deploy completed after 1145ms
[debug] [2021-10-24T11:30:59.791Z] [rules] releasing firebase.storage/lor-preview.appspot.com with ruleset projects/lor-preview/rulesets/e1961ee2-22db-4532-b2d3-de2d85ae0935
[debug] [2021-10-24T11:30:59.791Z] > refreshing access token with scopes: ["email","https://www.googleapis.com/auth/cloud-platform","https://www.googleapis.com/auth/cloudplatformprojects.readonly","https://www.googleapis.com/auth/firebase","openid"]
[debug] [2021-10-24T11:30:59.791Z] >>> HTTP REQUEST POST https://www.googleapis.com/oauth2/v3/token  
 <request body omitted>
[debug] [2021-10-24T11:30:59.819Z] <<< HTTP RESPONSE 200 {"cache-control":"no-cache, no-store, max-age=0, must-revalidate","pragma":"no-cache","expires":"Mon, 01 Jan 1990 00:00:00 GMT","date":"Sun, 24 Oct 2021 11:31:00 GMT","content-type":"application/json; charset=utf-8","vary":"X-Origin, Referer, Origin,Accept-Encoding","server":"scaffolding on HTTPServer2","x-xss-protection":"0","x-frame-options":"SAMEORIGIN","x-content-type-options":"nosniff","alt-svc":"h3=\":443\"; ma=2592000,h3-29=\":443\"; ma=2592000,h3-Q050=\":443\"; ma=2592000,h3-Q046=\":443\"; ma=2592000,h3-Q043=\":443\"; ma=2592000","accept-ranges":"none","transfer-encoding":"chunked"}
[debug] [2021-10-24T11:30:59.866Z] >>> HTTP REQUEST PATCH https://firebaserules.googleapis.com/v1/projects/lor-preview/releases/firebase.storage/lor-preview.appspot.com  
 {"release":{"name":"projects/lor-preview/releases/firebase.storage/lor-preview.appspot.com","rulesetName":"projects/lor-preview/rulesets/e1961ee2-22db-4532-b2d3-de2d85ae0935"}}
[debug] [2021-10-24T11:31:00.808Z] <<< HTTP RESPONSE 200 {"content-type":"application/json; charset=UTF-8","vary":"X-Origin, Referer, Origin,Accept-Encoding","date":"Sun, 24 Oct 2021 11:31:01 GMT","server":"ESF","cache-control":"private","x-xss-protection":"0","x-frame-options":"SAMEORIGIN","x-content-type-options":"nosniff","alt-svc":"h3=\":443\"; ma=2592000,h3-29=\":443\"; ma=2592000,h3-Q050=\":443\"; ma=2592000,h3-Q046=\":443\"; ma=2592000,h3-Q043=\":443\"; ma=2592000","accept-ranges":"none","transfer-encoding":"chunked"}
[debug] [2021-10-24T11:31:00.808Z] [rules] updated release projects/lor-preview/releases/firebase.storage/lor-preview.appspot.com
[info] +  storage: released rules storage.rules to firebase.storage 
[info] i  functions: updating Node.js 14 function generateSocialImage(us-central1)... 
[debug] [2021-10-24T11:31:00.812Z] >>> HTTP REQUEST PATCH https://cloudfunctions.googleapis.com/v1/projects/lor-preview/locations/us-central1/functions/generateSocialImage {"updateMask":"name,sourceUploadUrl,entryPoint,runtime,httpsTrigger,timeout,availableMemoryMb,labels,environmentVariables"} 
 {"name":"projects/lor-preview/locations/us-central1/functions/generateSocialImage","sourceUploadUrl":"https://storage.googleapis.com/gcf-upload-us-central1-8e5448c8-0ce9-4410-b599-4a9b9f9c1d27/373be783-c4be-4127-a4d9-3967c9fe63fc.zip?GoogleAccessId=service-22965560262@gcf-admin-robot.iam.gserviceaccount.com&Expires=1635076858&Signature=oeG8BbkbUmwn4efv41oGmgQ0UdiBbR7hsyd%2FkKA%2BJbGs5nIqbG82UXpKWx%2F9uNxfREceUm7vAz0D4yIfSjx8jXjtumXnsDaI8eGunHgWsQUVEuHGS87ZZ5cVwRFdByB4WDtQH8p9RtRnjQAUgId45tWBGwGhlnPuFc5F5vB9eixiVxHzFGA4jqxnviasE4nhgLTta6uaZcgg5u7aS6XI9IRItLP53nxyTpSX9lpt13NCz4%2FMIJaZhiJ6piGn0%2BQoROPPGABaWDpAE4YoLI8WJu4GKcrsnZO6%2Bpume6rAMsiI1L87zsBSuN4c5OaQ6HBuEc6yOtlyQXlLYhSsEfwKRw%3D%3D","entryPoint":"generateSocialImage","runtime":"nodejs14","httpsTrigger":{},"timeout":"120s","availableMemoryMb":1024,"labels":{"deployment-callable":"true","deployment-tool":"cli-firebase"},"environmentVariables":{"FIREBASE_CONFIG":"{\"projectId\":\"lor-preview\",\"storageBucket\":\"lor-preview.appspot.com\",\"locationId\":\"europe-west\"}","GCLOUD_PROJECT":"lor-preview"}}
[debug] [2021-10-24T11:31:01.171Z] <<< HTTP RESPONSE 200 {"content-type":"application/json; charset=UTF-8","vary":"X-Origin, Referer, Origin,Accept-Encoding","date":"Sun, 24 Oct 2021 11:31:01 GMT","server":"ESF","cache-control":"private","x-xss-protection":"0","x-frame-options":"SAMEORIGIN","x-content-type-options":"nosniff","alt-svc":"h3=\":443\"; ma=2592000,h3-29=\":443\"; ma=2592000,h3-Q050=\":443\"; ma=2592000,h3-Q046=\":443\"; ma=2592000,h3-Q043=\":443\"; ma=2592000","accept-ranges":"none","transfer-encoding":"chunked"}
[debug] [2021-10-24T11:31:01.172Z] > refreshing access token with scopes: []
[debug] [2021-10-24T11:31:01.172Z] >>> HTTP REQUEST POST https://www.googleapis.com/oauth2/v3/token  
 <request body omitted>
[debug] [2021-10-24T11:31:01.203Z] <<< HTTP RESPONSE 200 {"date":"Sun, 24 Oct 2021 11:31:01 GMT","expires":"Mon, 01 Jan 1990 00:00:00 GMT","cache-control":"no-cache, no-store, max-age=0, must-revalidate","pragma":"no-cache","content-type":"application/json; charset=utf-8","vary":"X-Origin, Referer, Origin,Accept-Encoding","server":"scaffolding on HTTPServer2","x-xss-protection":"0","x-frame-options":"SAMEORIGIN","x-content-type-options":"nosniff","alt-svc":"h3=\":443\"; ma=2592000,h3-29=\":443\"; ma=2592000,h3-Q050=\":443\"; ma=2592000,h3-Q046=\":443\"; ma=2592000,h3-Q043=\":443\"; ma=2592000","accept-ranges":"none","transfer-encoding":"chunked"}
[debug] [2021-10-24T11:31:01.252Z] >>> [apiv2][query] GET https://cloudfunctions.googleapis.com/v1/operations/bG9yLXByZXZpZXcvdXMtY2VudHJhbDEvZ2VuZXJhdGVTb2NpYWxJbWFnZS9NYzZGNlZiTDlFZw [none]
[debug] [2021-10-24T11:31:01.634Z] <<< [apiv2][status] GET https://cloudfunctions.googleapis.com/v1/operations/bG9yLXByZXZpZXcvdXMtY2VudHJhbDEvZ2VuZXJhdGVTb2NpYWxJbWFnZS9NYzZGNlZiTDlFZw 200
[debug] [2021-10-24T11:31:01.634Z] <<< [apiv2][body] GET https://cloudfunctions.googleapis.com/v1/operations/bG9yLXByZXZpZXcvdXMtY2VudHJhbDEvZ2VuZXJhdGVTb2NpYWxJbWFnZS9NYzZGNlZiTDlFZw {"name":"operations/bG9yLXByZXZpZXcvdXMtY2VudHJhbDEvZ2VuZXJhdGVTb2NpYWxJbWFnZS9NYzZGNlZiTDlFZw","metadata":{"@type":"type.googleapis.com/google.cloud.functions.v1.OperationMetadataV1","target":"projects/lor-preview/locations/us-central1/functions/generateSocialImage","type":"UPDATE_FUNCTION","request":{"@type":"type.googleapis.com/google.cloud.functions.v1.CloudFunction","name":"projects/lor-preview/locations/us-central1/functions/generateSocialImage","httpsTrigger":{},"status":"ACTIVE","entryPoint":"generateSocialImage","timeout":"120s","availableMemoryMb":1024,"serviceAccountEmail":"lor-preview@appspot.gserviceaccount.com","updateTime":"2021-10-24T11:11:36.983Z","versionId":"1","labels":{"deployment-callable":"true","deployment-tool":"cli-firebase"},"sourceUploadUrl":"https://storage.googleapis.com/gcf-upload-us-central1-8e5448c8-0ce9-4410-b599-4a9b9f9c1d27/373be783-c4be-4127-a4d9-3967c9fe63fc.zip?GoogleAccessId=service-22965560262@gcf-admin-robot.iam.gserviceaccount.com&Expires=1635076858&Signature=oeG8BbkbUmwn4efv41oGmgQ0UdiBbR7hsyd%2FkKA%2BJbGs5nIqbG82UXpKWx%2F9uNxfREceUm7vAz0D4yIfSjx8jXjtumXnsDaI8eGunHgWsQUVEuHGS87ZZ5cVwRFdByB4WDtQH8p9RtRnjQAUgId45tWBGwGhlnPuFc5F5vB9eixiVxHzFGA4jqxnviasE4nhgLTta6uaZcgg5u7aS6XI9IRItLP53nxyTpSX9lpt13NCz4%2FMIJaZhiJ6piGn0%2BQoROPPGABaWDpAE4YoLI8WJu4GKcrsnZO6%2Bpume6rAMsiI1L87zsBSuN4c5OaQ6HBuEc6yOtlyQXlLYhSsEfwKRw%3D%3D","environmentVariables":{"FIREBASE_CONFIG":"{\"projectId\":\"lor-preview\",\"storageBucket\":\"lor-preview.appspot.com\",\"locationId\":\"europe-west\"}","GCLOUD_PROJECT":"lor-preview"},"runtime":"nodejs14","ingressSettings":"ALLOW_ALL","buildId":"a5102487-cdf4-43fc-9484-cb9bebdf650d","buildName":"projects/22965560262/locations/us-central1/builds/a5102487-cdf4-43fc-9484-cb9bebdf650d"},"versionId":"2","updateTime":"2021-10-24T11:31:01Z","buildName":"projects/22965560262/locations/us-central1/builds/a5102487-cdf4-43fc-9484-cb9bebdf650d"}}
[debug] [2021-10-24T11:31:02.135Z] [update-projects/lor-preview/locations/us-central1/functions/generateSocialImage] Retrying task index 0
[debug] [2021-10-24T11:31:02.135Z] >>> [apiv2][query] GET https://cloudfunctions.googleapis.com/v1/operations/bG9yLXByZXZpZXcvdXMtY2VudHJhbDEvZ2VuZXJhdGVTb2NpYWxJbWFnZS9NYzZGNlZiTDlFZw [none]
[debug] [2021-10-24T11:31:02.511Z] <<< [apiv2][status] GET https://cloudfunctions.googleapis.com/v1/operations/bG9yLXByZXZpZXcvdXMtY2VudHJhbDEvZ2VuZXJhdGVTb2NpYWxJbWFnZS9NYzZGNlZiTDlFZw 200
[debug] [2021-10-24T11:31:02.511Z] <<< [apiv2][body] GET https://cloudfunctions.googleapis.com/v1/operations/bG9yLXByZXZpZXcvdXMtY2VudHJhbDEvZ2VuZXJhdGVTb2NpYWxJbWFnZS9NYzZGNlZiTDlFZw {"name":"operations/bG9yLXByZXZpZXcvdXMtY2VudHJhbDEvZ2VuZXJhdGVTb2NpYWxJbWFnZS9NYzZGNlZiTDlFZw","metadata":{"@type":"type.googleapis.com/google.cloud.functions.v1.OperationMetadataV1","target":"projects/lor-preview/locations/us-central1/functions/generateSocialImage","type":"UPDATE_FUNCTION","request":{"@type":"type.googleapis.com/google.cloud.functions.v1.CloudFunction","name":"projects/lor-preview/locations/us-central1/functions/generateSocialImage","httpsTrigger":{},"status":"ACTIVE","entryPoint":"generateSocialImage","timeout":"120s","availableMemoryMb":1024,"serviceAccountEmail":"lor-preview@appspot.gserviceaccount.com","updateTime":"2021-10-24T11:11:36.983Z","versionId":"1","labels":{"deployment-callable":"true","deployment-tool":"cli-firebase"},"sourceUploadUrl":"https://storage.googleapis.com/gcf-upload-us-central1-8e5448c8-0ce9-4410-b599-4a9b9f9c1d27/373be783-c4be-4127-a4d9-3967c9fe63fc.zip?GoogleAccessId=service-22965560262@gcf-admin-robot.iam.gserviceaccount.com&Expires=1635076858&Signature=oeG8BbkbUmwn4efv41oGmgQ0UdiBbR7hsyd%2FkKA%2BJbGs5nIqbG82UXpKWx%2F9uNxfREceUm7vAz0D4yIfSjx8jXjtumXnsDaI8eGunHgWsQUVEuHGS87ZZ5cVwRFdByB4WDtQH8p9RtRnjQAUgId45tWBGwGhlnPuFc5F5vB9eixiVxHzFGA4jqxnviasE4nhgLTta6uaZcgg5u7aS6XI9IRItLP53nxyTpSX9lpt13NCz4%2FMIJaZhiJ6piGn0%2BQoROPPGABaWDpAE4YoLI8WJu4GKcrsnZO6%2Bpume6rAMsiI1L87zsBSuN4c5OaQ6HBuEc6yOtlyQXlLYhSsEfwKRw%3D%3D","environmentVariables":{"FIREBASE_CONFIG":"{\"projectId\":\"lor-preview\",\"storageBucket\":\"lor-preview.appspot.com\",\"locationId\":\"europe-west\"}","GCLOUD_PROJECT":"lor-preview"},"runtime":"nodejs14","ingressSettings":"ALLOW_ALL","buildId":"a5102487-cdf4-43fc-9484-cb9bebdf650d","buildName":"projects/22965560262/locations/us-central1/builds/a5102487-cdf4-43fc-9484-cb9bebdf650d"},"versionId":"2","updateTime":"2021-10-24T11:31:01Z","buildId":"84eb9c24-27c0-4c65-8055-834bc6dec04e","buildName":"projects/22965560262/locations/us-central1/builds/84eb9c24-27c0-4c65-8055-834bc6dec04e"}}
[debug] [2021-10-24T11:31:03.512Z] [update-projects/lor-preview/locations/us-central1/functions/generateSocialImage] Retrying task index 0
[debug] [2021-10-24T11:31:03.512Z] >>> [apiv2][query] GET https://cloudfunctions.googleapis.com/v1/operations/bG9yLXByZXZpZXcvdXMtY2VudHJhbDEvZ2VuZXJhdGVTb2NpYWxJbWFnZS9NYzZGNlZiTDlFZw [none]
[debug] [2021-10-24T11:31:03.896Z] <<< [apiv2][status] GET https://cloudfunctions.googleapis.com/v1/operations/bG9yLXByZXZpZXcvdXMtY2VudHJhbDEvZ2VuZXJhdGVTb2NpYWxJbWFnZS9NYzZGNlZiTDlFZw 200
[debug] [2021-10-24T11:31:03.896Z] <<< [apiv2][body] GET https://cloudfunctions.googleapis.com/v1/operations/bG9yLXByZXZpZXcvdXMtY2VudHJhbDEvZ2VuZXJhdGVTb2NpYWxJbWFnZS9NYzZGNlZiTDlFZw {"name":"operations/bG9yLXByZXZpZXcvdXMtY2VudHJhbDEvZ2VuZXJhdGVTb2NpYWxJbWFnZS9NYzZGNlZiTDlFZw","metadata":{"@type":"type.googleapis.com/google.cloud.functions.v1.OperationMetadataV1","target":"projects/lor-preview/locations/us-central1/functions/generateSocialImage","type":"UPDATE_FUNCTION","request":{"@type":"type.googleapis.com/google.cloud.functions.v1.CloudFunction","name":"projects/lor-preview/locations/us-central1/functions/generateSocialImage","httpsTrigger":{},"status":"ACTIVE","entryPoint":"generateSocialImage","timeout":"120s","availableMemoryMb":1024,"serviceAccountEmail":"lor-preview@appspot.gserviceaccount.com","updateTime":"2021-10-24T11:11:36.983Z","versionId":"1","labels":{"deployment-callable":"true","deployment-tool":"cli-firebase"},"sourceUploadUrl":"https://storage.googleapis.com/gcf-upload-us-central1-8e5448c8-0ce9-4410-b599-4a9b9f9c1d27/373be783-c4be-4127-a4d9-3967c9fe63fc.zip?GoogleAccessId=service-22965560262@gcf-admin-robot.iam.gserviceaccount.com&Expires=1635076858&Signature=oeG8BbkbUmwn4efv41oGmgQ0UdiBbR7hsyd%2FkKA%2BJbGs5nIqbG82UXpKWx%2F9uNxfREceUm7vAz0D4yIfSjx8jXjtumXnsDaI8eGunHgWsQUVEuHGS87ZZ5cVwRFdByB4WDtQH8p9RtRnjQAUgId45tWBGwGhlnPuFc5F5vB9eixiVxHzFGA4jqxnviasE4nhgLTta6uaZcgg5u7aS6XI9IRItLP53nxyTpSX9lpt13NCz4%2FMIJaZhiJ6piGn0%2BQoROPPGABaWDpAE4YoLI8WJu4GKcrsnZO6%2Bpume6rAMsiI1L87zsBSuN4c5OaQ6HBuEc6yOtlyQXlLYhSsEfwKRw%3D%3D","environmentVariables":{"FIREBASE_CONFIG":"{\"projectId\":\"lor-preview\",\"storageBucket\":\"lor-preview.appspot.com\",\"locationId\":\"europe-west\"}","GCLOUD_PROJECT":"lor-preview"},"runtime":"nodejs14","ingressSettings":"ALLOW_ALL","buildId":"a5102487-cdf4-43fc-9484-cb9bebdf650d","buildName":"projects/22965560262/locations/us-central1/builds/a5102487-cdf4-43fc-9484-cb9bebdf650d"},"versionId":"2","updateTime":"2021-10-24T11:31:01Z","buildId":"84eb9c24-27c0-4c65-8055-834bc6dec04e","buildName":"projects/22965560262/locations/us-central1/builds/84eb9c24-27c0-4c65-8055-834bc6dec04e"}}
[debug] [2021-10-24T11:31:05.897Z] [update-projects/lor-preview/locations/us-central1/functions/generateSocialImage] Retrying task index 0
[debug] [2021-10-24T11:31:05.897Z] >>> [apiv2][query] GET https://cloudfunctions.googleapis.com/v1/operations/bG9yLXByZXZpZXcvdXMtY2VudHJhbDEvZ2VuZXJhdGVTb2NpYWxJbWFnZS9NYzZGNlZiTDlFZw [none]
[debug] [2021-10-24T11:31:06.273Z] <<< [apiv2][status] GET https://cloudfunctions.googleapis.com/v1/operations/bG9yLXByZXZpZXcvdXMtY2VudHJhbDEvZ2VuZXJhdGVTb2NpYWxJbWFnZS9NYzZGNlZiTDlFZw 200
[debug] [2021-10-24T11:31:06.273Z] <<< [apiv2][body] GET https://cloudfunctions.googleapis.com/v1/operations/bG9yLXByZXZpZXcvdXMtY2VudHJhbDEvZ2VuZXJhdGVTb2NpYWxJbWFnZS9NYzZGNlZiTDlFZw {"name":"operations/bG9yLXByZXZpZXcvdXMtY2VudHJhbDEvZ2VuZXJhdGVTb2NpYWxJbWFnZS9NYzZGNlZiTDlFZw","metadata":{"@type":"type.googleapis.com/google.cloud.functions.v1.OperationMetadataV1","target":"projects/lor-preview/locations/us-central1/functions/generateSocialImage","type":"UPDATE_FUNCTION","request":{"@type":"type.googleapis.com/google.cloud.functions.v1.CloudFunction","name":"projects/lor-preview/locations/us-central1/functions/generateSocialImage","httpsTrigger":{},"status":"ACTIVE","entryPoint":"generateSocialImage","timeout":"120s","availableMemoryMb":1024,"serviceAccountEmail":"lor-preview@appspot.gserviceaccount.com","updateTime":"2021-10-24T11:11:36.983Z","versionId":"1","labels":{"deployment-callable":"true","deployment-tool":"cli-firebase"},"sourceUploadUrl":"https://storage.googleapis.com/gcf-upload-us-central1-8e5448c8-0ce9-4410-b599-4a9b9f9c1d27/373be783-c4be-4127-a4d9-3967c9fe63fc.zip?GoogleAccessId=service-22965560262@gcf-admin-robot.iam.gserviceaccount.com&Expires=1635076858&Signature=oeG8BbkbUmwn4efv41oGmgQ0UdiBbR7hsyd%2FkKA%2BJbGs5nIqbG82UXpKWx%2F9uNxfREceUm7vAz0D4yIfSjx8jXjtumXnsDaI8eGunHgWsQUVEuHGS87ZZ5cVwRFdByB4WDtQH8p9RtRnjQAUgId45tWBGwGhlnPuFc5F5vB9eixiVxHzFGA4jqxnviasE4nhgLTta6uaZcgg5u7aS6XI9IRItLP53nxyTpSX9lpt13NCz4%2FMIJaZhiJ6piGn0%2BQoROPPGABaWDpAE4YoLI8WJu4GKcrsnZO6%2Bpume6rAMsiI1L87zsBSuN4c5OaQ6HBuEc6yOtlyQXlLYhSsEfwKRw%3D%3D","environmentVariables":{"FIREBASE_CONFIG":"{\"projectId\":\"lor-preview\",\"storageBucket\":\"lor-preview.appspot.com\",\"locationId\":\"europe-west\"}","GCLOUD_PROJECT":"lor-preview"},"runtime":"nodejs14","ingressSettings":"ALLOW_ALL","buildId":"a5102487-cdf4-43fc-9484-cb9bebdf650d","buildName":"projects/22965560262/locations/us-central1/builds/a5102487-cdf4-43fc-9484-cb9bebdf650d"},"versionId":"2","updateTime":"2021-10-24T11:31:01Z","buildId":"84eb9c24-27c0-4c65-8055-834bc6dec04e","buildName":"projects/22965560262/locations/us-central1/builds/84eb9c24-27c0-4c65-8055-834bc6dec04e"}}
[debug] [2021-10-24T11:31:10.274Z] [update-projects/lor-preview/locations/us-central1/functions/generateSocialImage] Retrying task index 0
[debug] [2021-10-24T11:31:10.274Z] >>> [apiv2][query] GET https://cloudfunctions.googleapis.com/v1/operations/bG9yLXByZXZpZXcvdXMtY2VudHJhbDEvZ2VuZXJhdGVTb2NpYWxJbWFnZS9NYzZGNlZiTDlFZw [none]
[debug] [2021-10-24T11:31:10.649Z] <<< [apiv2][status] GET https://cloudfunctions.googleapis.com/v1/operations/bG9yLXByZXZpZXcvdXMtY2VudHJhbDEvZ2VuZXJhdGVTb2NpYWxJbWFnZS9NYzZGNlZiTDlFZw 200
[debug] [2021-10-24T11:31:10.649Z] <<< [apiv2][body] GET https://cloudfunctions.googleapis.com/v1/operations/bG9yLXByZXZpZXcvdXMtY2VudHJhbDEvZ2VuZXJhdGVTb2NpYWxJbWFnZS9NYzZGNlZiTDlFZw {"name":"operations/bG9yLXByZXZpZXcvdXMtY2VudHJhbDEvZ2VuZXJhdGVTb2NpYWxJbWFnZS9NYzZGNlZiTDlFZw","metadata":{"@type":"type.googleapis.com/google.cloud.functions.v1.OperationMetadataV1","target":"projects/lor-preview/locations/us-central1/functions/generateSocialImage","type":"UPDATE_FUNCTION","request":{"@type":"type.googleapis.com/google.cloud.functions.v1.CloudFunction","name":"projects/lor-preview/locations/us-central1/functions/generateSocialImage","httpsTrigger":{},"status":"ACTIVE","entryPoint":"generateSocialImage","timeout":"120s","availableMemoryMb":1024,"serviceAccountEmail":"lor-preview@appspot.gserviceaccount.com","updateTime":"2021-10-24T11:11:36.983Z","versionId":"1","labels":{"deployment-callable":"true","deployment-tool":"cli-firebase"},"sourceUploadUrl":"https://storage.googleapis.com/gcf-upload-us-central1-8e5448c8-0ce9-4410-b599-4a9b9f9c1d27/373be783-c4be-4127-a4d9-3967c9fe63fc.zip?GoogleAccessId=service-22965560262@gcf-admin-robot.iam.gserviceaccount.com&Expires=1635076858&Signature=oeG8BbkbUmwn4efv41oGmgQ0UdiBbR7hsyd%2FkKA%2BJbGs5nIqbG82UXpKWx%2F9uNxfREceUm7vAz0D4yIfSjx8jXjtumXnsDaI8eGunHgWsQUVEuHGS87ZZ5cVwRFdByB4WDtQH8p9RtRnjQAUgId45tWBGwGhlnPuFc5F5vB9eixiVxHzFGA4jqxnviasE4nhgLTta6uaZcgg5u7aS6XI9IRItLP53nxyTpSX9lpt13NCz4%2FMIJaZhiJ6piGn0%2BQoROPPGABaWDpAE4YoLI8WJu4GKcrsnZO6%2Bpume6rAMsiI1L87zsBSuN4c5OaQ6HBuEc6yOtlyQXlLYhSsEfwKRw%3D%3D","environmentVariables":{"FIREBASE_CONFIG":"{\"projectId\":\"lor-preview\",\"storageBucket\":\"lor-preview.appspot.com\",\"locationId\":\"europe-west\"}","GCLOUD_PROJECT":"lor-preview"},"runtime":"nodejs14","ingressSettings":"ALLOW_ALL","buildId":"a5102487-cdf4-43fc-9484-cb9bebdf650d","buildName":"projects/22965560262/locations/us-central1/builds/a5102487-cdf4-43fc-9484-cb9bebdf650d"},"versionId":"2","updateTime":"2021-10-24T11:31:01Z","buildId":"84eb9c24-27c0-4c65-8055-834bc6dec04e","buildName":"projects/22965560262/locations/us-central1/builds/84eb9c24-27c0-4c65-8055-834bc6dec04e"}}
[debug] [2021-10-24T11:31:18.649Z] [update-projects/lor-preview/locations/us-central1/functions/generateSocialImage] Retrying task index 0
[debug] [2021-10-24T11:31:18.649Z] >>> [apiv2][query] GET https://cloudfunctions.googleapis.com/v1/operations/bG9yLXByZXZpZXcvdXMtY2VudHJhbDEvZ2VuZXJhdGVTb2NpYWxJbWFnZS9NYzZGNlZiTDlFZw [none]
[debug] [2021-10-24T11:31:19.017Z] <<< [apiv2][status] GET https://cloudfunctions.googleapis.com/v1/operations/bG9yLXByZXZpZXcvdXMtY2VudHJhbDEvZ2VuZXJhdGVTb2NpYWxJbWFnZS9NYzZGNlZiTDlFZw 200
[debug] [2021-10-24T11:31:19.017Z] <<< [apiv2][body] GET https://cloudfunctions.googleapis.com/v1/operations/bG9yLXByZXZpZXcvdXMtY2VudHJhbDEvZ2VuZXJhdGVTb2NpYWxJbWFnZS9NYzZGNlZiTDlFZw {"name":"operations/bG9yLXByZXZpZXcvdXMtY2VudHJhbDEvZ2VuZXJhdGVTb2NpYWxJbWFnZS9NYzZGNlZiTDlFZw","metadata":{"@type":"type.googleapis.com/google.cloud.functions.v1.OperationMetadataV1","target":"projects/lor-preview/locations/us-central1/functions/generateSocialImage","type":"UPDATE_FUNCTION","request":{"@type":"type.googleapis.com/google.cloud.functions.v1.CloudFunction","name":"projects/lor-preview/locations/us-central1/functions/generateSocialImage","httpsTrigger":{},"status":"ACTIVE","entryPoint":"generateSocialImage","timeout":"120s","availableMemoryMb":1024,"serviceAccountEmail":"lor-preview@appspot.gserviceaccount.com","updateTime":"2021-10-24T11:11:36.983Z","versionId":"1","labels":{"deployment-callable":"true","deployment-tool":"cli-firebase"},"sourceUploadUrl":"https://storage.googleapis.com/gcf-upload-us-central1-8e5448c8-0ce9-4410-b599-4a9b9f9c1d27/373be783-c4be-4127-a4d9-3967c9fe63fc.zip?GoogleAccessId=service-22965560262@gcf-admin-robot.iam.gserviceaccount.com&Expires=1635076858&Signature=oeG8BbkbUmwn4efv41oGmgQ0UdiBbR7hsyd%2FkKA%2BJbGs5nIqbG82UXpKWx%2F9uNxfREceUm7vAz0D4yIfSjx8jXjtumXnsDaI8eGunHgWsQUVEuHGS87ZZ5cVwRFdByB4WDtQH8p9RtRnjQAUgId45tWBGwGhlnPuFc5F5vB9eixiVxHzFGA4jqxnviasE4nhgLTta6uaZcgg5u7aS6XI9IRItLP53nxyTpSX9lpt13NCz4%2FMIJaZhiJ6piGn0%2BQoROPPGABaWDpAE4YoLI8WJu4GKcrsnZO6%2Bpume6rAMsiI1L87zsBSuN4c5OaQ6HBuEc6yOtlyQXlLYhSsEfwKRw%3D%3D","environmentVariables":{"FIREBASE_CONFIG":"{\"projectId\":\"lor-preview\",\"storageBucket\":\"lor-preview.appspot.com\",\"locationId\":\"europe-west\"}","GCLOUD_PROJECT":"lor-preview"},"runtime":"nodejs14","ingressSettings":"ALLOW_ALL","buildId":"a5102487-cdf4-43fc-9484-cb9bebdf650d","buildName":"projects/22965560262/locations/us-central1/builds/a5102487-cdf4-43fc-9484-cb9bebdf650d"},"versionId":"2","updateTime":"2021-10-24T11:31:01Z","buildId":"84eb9c24-27c0-4c65-8055-834bc6dec04e","buildName":"projects/22965560262/locations/us-central1/builds/84eb9c24-27c0-4c65-8055-834bc6dec04e"}}
[debug] [2021-10-24T11:31:35.016Z] [update-projects/lor-preview/locations/us-central1/functions/generateSocialImage] Retrying task index 0
[debug] [2021-10-24T11:31:35.017Z] >>> [apiv2][query] GET https://cloudfunctions.googleapis.com/v1/operations/bG9yLXByZXZpZXcvdXMtY2VudHJhbDEvZ2VuZXJhdGVTb2NpYWxJbWFnZS9NYzZGNlZiTDlFZw [none]
[debug] [2021-10-24T11:31:35.384Z] <<< [apiv2][status] GET https://cloudfunctions.googleapis.com/v1/operations/bG9yLXByZXZpZXcvdXMtY2VudHJhbDEvZ2VuZXJhdGVTb2NpYWxJbWFnZS9NYzZGNlZiTDlFZw 200
[debug] [2021-10-24T11:31:35.385Z] <<< [apiv2][body] GET https://cloudfunctions.googleapis.com/v1/operations/bG9yLXByZXZpZXcvdXMtY2VudHJhbDEvZ2VuZXJhdGVTb2NpYWxJbWFnZS9NYzZGNlZiTDlFZw {"name":"operations/bG9yLXByZXZpZXcvdXMtY2VudHJhbDEvZ2VuZXJhdGVTb2NpYWxJbWFnZS9NYzZGNlZiTDlFZw","metadata":{"@type":"type.googleapis.com/google.cloud.functions.v1.OperationMetadataV1","target":"projects/lor-preview/locations/us-central1/functions/generateSocialImage","type":"UPDATE_FUNCTION","request":{"@type":"type.googleapis.com/google.cloud.functions.v1.CloudFunction","name":"projects/lor-preview/locations/us-central1/functions/generateSocialImage","httpsTrigger":{},"status":"ACTIVE","entryPoint":"generateSocialImage","timeout":"120s","availableMemoryMb":1024,"serviceAccountEmail":"lor-preview@appspot.gserviceaccount.com","updateTime":"2021-10-24T11:11:36.983Z","versionId":"1","labels":{"deployment-callable":"true","deployment-tool":"cli-firebase"},"sourceUploadUrl":"https://storage.googleapis.com/gcf-upload-us-central1-8e5448c8-0ce9-4410-b599-4a9b9f9c1d27/373be783-c4be-4127-a4d9-3967c9fe63fc.zip?GoogleAccessId=service-22965560262@gcf-admin-robot.iam.gserviceaccount.com&Expires=1635076858&Signature=oeG8BbkbUmwn4efv41oGmgQ0UdiBbR7hsyd%2FkKA%2BJbGs5nIqbG82UXpKWx%2F9uNxfREceUm7vAz0D4yIfSjx8jXjtumXnsDaI8eGunHgWsQUVEuHGS87ZZ5cVwRFdByB4WDtQH8p9RtRnjQAUgId45tWBGwGhlnPuFc5F5vB9eixiVxHzFGA4jqxnviasE4nhgLTta6uaZcgg5u7aS6XI9IRItLP53nxyTpSX9lpt13NCz4%2FMIJaZhiJ6piGn0%2BQoROPPGABaWDpAE4YoLI8WJu4GKcrsnZO6%2Bpume6rAMsiI1L87zsBSuN4c5OaQ6HBuEc6yOtlyQXlLYhSsEfwKRw%3D%3D","environmentVariables":{"FIREBASE_CONFIG":"{\"projectId\":\"lor-preview\",\"storageBucket\":\"lor-preview.appspot.com\",\"locationId\":\"europe-west\"}","GCLOUD_PROJECT":"lor-preview"},"runtime":"nodejs14","ingressSettings":"ALLOW_ALL","buildId":"a5102487-cdf4-43fc-9484-cb9bebdf650d","buildName":"projects/22965560262/locations/us-central1/builds/a5102487-cdf4-43fc-9484-cb9bebdf650d"},"versionId":"2","updateTime":"2021-10-24T11:31:01Z","buildId":"84eb9c24-27c0-4c65-8055-834bc6dec04e","buildName":"projects/22965560262/locations/us-central1/builds/84eb9c24-27c0-4c65-8055-834bc6dec04e"}}
[debug] [2021-10-24T11:32:07.385Z] [update-projects/lor-preview/locations/us-central1/functions/generateSocialImage] Retrying task index 0
[debug] [2021-10-24T11:32:07.385Z] >>> [apiv2][query] GET https://cloudfunctions.googleapis.com/v1/operations/bG9yLXByZXZpZXcvdXMtY2VudHJhbDEvZ2VuZXJhdGVTb2NpYWxJbWFnZS9NYzZGNlZiTDlFZw [none]
[debug] [2021-10-24T11:32:07.599Z] <<< [apiv2][status] GET https://cloudfunctions.googleapis.com/v1/operations/bG9yLXByZXZpZXcvdXMtY2VudHJhbDEvZ2VuZXJhdGVTb2NpYWxJbWFnZS9NYzZGNlZiTDlFZw 200
[debug] [2021-10-24T11:32:07.599Z] <<< [apiv2][body] GET https://cloudfunctions.googleapis.com/v1/operations/bG9yLXByZXZpZXcvdXMtY2VudHJhbDEvZ2VuZXJhdGVTb2NpYWxJbWFnZS9NYzZGNlZiTDlFZw {"name":"operations/bG9yLXByZXZpZXcvdXMtY2VudHJhbDEvZ2VuZXJhdGVTb2NpYWxJbWFnZS9NYzZGNlZiTDlFZw","metadata":{"@type":"type.googleapis.com/google.cloud.functions.v1.OperationMetadataV1","target":"projects/lor-preview/locations/us-central1/functions/generateSocialImage","type":"UPDATE_FUNCTION","request":{"@type":"type.googleapis.com/google.cloud.functions.v1.CloudFunction","name":"projects/lor-preview/locations/us-central1/functions/generateSocialImage","httpsTrigger":{},"status":"ACTIVE","entryPoint":"generateSocialImage","timeout":"120s","availableMemoryMb":1024,"serviceAccountEmail":"lor-preview@appspot.gserviceaccount.com","updateTime":"2021-10-24T11:11:36.983Z","versionId":"1","labels":{"deployment-callable":"true","deployment-tool":"cli-firebase"},"sourceUploadUrl":"https://storage.googleapis.com/gcf-upload-us-central1-8e5448c8-0ce9-4410-b599-4a9b9f9c1d27/373be783-c4be-4127-a4d9-3967c9fe63fc.zip?GoogleAccessId=service-22965560262@gcf-admin-robot.iam.gserviceaccount.com&Expires=1635076858&Signature=oeG8BbkbUmwn4efv41oGmgQ0UdiBbR7hsyd%2FkKA%2BJbGs5nIqbG82UXpKWx%2F9uNxfREceUm7vAz0D4yIfSjx8jXjtumXnsDaI8eGunHgWsQUVEuHGS87ZZ5cVwRFdByB4WDtQH8p9RtRnjQAUgId45tWBGwGhlnPuFc5F5vB9eixiVxHzFGA4jqxnviasE4nhgLTta6uaZcgg5u7aS6XI9IRItLP53nxyTpSX9lpt13NCz4%2FMIJaZhiJ6piGn0%2BQoROPPGABaWDpAE4YoLI8WJu4GKcrsnZO6%2Bpume6rAMsiI1L87zsBSuN4c5OaQ6HBuEc6yOtlyQXlLYhSsEfwKRw%3D%3D","environmentVariables":{"FIREBASE_CONFIG":"{\"projectId\":\"lor-preview\",\"storageBucket\":\"lor-preview.appspot.com\",\"locationId\":\"europe-west\"}","GCLOUD_PROJECT":"lor-preview"},"runtime":"nodejs14","ingressSettings":"ALLOW_ALL","buildId":"a5102487-cdf4-43fc-9484-cb9bebdf650d","buildName":"projects/22965560262/locations/us-central1/builds/a5102487-cdf4-43fc-9484-cb9bebdf650d"},"versionId":"2","updateTime":"2021-10-24T11:31:01Z","buildId":"84eb9c24-27c0-4c65-8055-834bc6dec04e","buildName":"projects/22965560262/locations/us-central1/builds/84eb9c24-27c0-4c65-8055-834bc6dec04e"}}
